[2025-08-01 10:06:25] [ERROR] Failed to load settings: SQLSTATE[42S02]: Base table or view not found: 1146 Table 'ct_frame.settings' doesn't exist
[2025-08-01 10:06:25] [ERROR] Failed to load settings: SQLSTATE[42S02]: Base table or view not found: 1146 Table 'ct_frame.settings' doesn't exist
[2025-08-01 10:14:09] [ERROR] Failed to load settings: SQLSTATE[42S02]: Base table or view not found: 1146 Table 'ct_frame.settings' doesn't exist
[2025-08-01 10:42:55] [ERROR] Failed to load settings: SQLSTATE[42S02]: Base table or view not found: 1146 Table 'ct_frame.settings' doesn't exist
[2025-08-01 10:42:55] [ERROR] Failed to load settings: SQLSTATE[42S02]: Base table or view not found: 1146 Table 'ct_frame.settings' doesn't exist
[2025-08-01 10:42:55] [ERROR] Failed to load settings: SQLSTATE[42S02]: Base table or view not found: 1146 Table 'ct_frame.settings' doesn't exist
[2025-08-01 10:42:59] [ERROR] Failed to load settings: SQLSTATE[42S02]: Base table or view not found: 1146 Table 'ct_frame.settings' doesn't exist
[2025-08-01 10:42:59] [ERROR] Failed to load settings: SQLSTATE[42S02]: Base table or view not found: 1146 Table 'ct_frame.settings' doesn't exist
[2025-08-01 11:12:06] [ERROR] Failed to load settings: SQLSTATE[42S02]: Base table or view not found: 1146 Table 'ct_frame.settings' doesn't exist
[2025-08-01 11:12:07] [ERROR] Failed to load settings: SQLSTATE[42S02]: Base table or view not found: 1146 Table 'ct_frame.settings' doesn't exist
[2025-08-01 12:20:52] [ERROR] Failed to load settings: SQLSTATE[42S02]: Base table or view not found: 1146 Table 'ct_frame.settings' doesn't exist
[2025-08-01 12:20:53] [ERROR] Failed to load settings: SQLSTATE[42S02]: Base table or view not found: 1146 Table 'ct_frame.settings' doesn't exist
[2025-08-01 12:21:25] [ERROR] Failed to load settings: SQLSTATE[42S02]: Base table or view not found: 1146 Table 'ct_frame.settings' doesn't exist
[2025-08-01 12:21:26] [ERROR] Failed to load settings: SQLSTATE[42S02]: Base table or view not found: 1146 Table 'ct_frame.settings' doesn't exist
[2025-08-01 12:22:14] [ERROR] Failed to load settings: SQLSTATE[42S02]: Base table or view not found: 1146 Table 'ct_frame.settings' doesn't exist
[2025-08-01 12:22:15] [ERROR] Failed to load settings: SQLSTATE[42S02]: Base table or view not found: 1146 Table 'ct_frame.settings' doesn't exist
[2025-08-01 12:22:37] [ERROR] Failed to load settings: SQLSTATE[42S02]: Base table or view not found: 1146 Table 'ct_frame.settings' doesn't exist
[2025-08-01 12:22:37] [ERROR] Uncaught Exception: Call to undefined method Router::enforceHttps() in C:\wamp64\www\me\CT\ct_frame\brain\Core\Router.php on line 201
[2025-08-01 12:22:37] [ERROR] Stack trace: 
#0 C:\wamp64\www\me\CT\ct_frame\public\index.php(65): Router->run()
#1 {main}
[2025-08-01 12:22:37] [ERROR] Failed to load settings: SQLSTATE[42S02]: Base table or view not found: 1146 Table 'ct_frame.settings' doesn't exist
[2025-08-01 12:22:37] [ERROR] Uncaught Exception: Call to undefined method Router::enforceHttps() in C:\wamp64\www\me\CT\ct_frame\brain\Core\Router.php on line 201
[2025-08-01 12:22:37] [ERROR] Stack trace: 
#0 C:\wamp64\www\me\CT\ct_frame\public\index.php(65): Router->run()
#1 {main}
[2025-08-01 12:23:44] [ERROR] Failed to load settings: SQLSTATE[42S02]: Base table or view not found: 1146 Table 'ct_frame.settings' doesn't exist
[2025-08-01 12:23:44] [ERROR] Uncaught Exception: Call to undefined method Router::detectAndSetLanguage() in C:\wamp64\www\me\CT\ct_frame\brain\Core\Router.php on line 207
[2025-08-01 12:23:44] [ERROR] Stack trace: 
#0 C:\wamp64\www\me\CT\ct_frame\public\index.php(65): Router->run()
#1 {main}
[2025-08-01 12:25:24] [ERROR] Failed to load settings: SQLSTATE[42S02]: Base table or view not found: 1146 Table 'ct_frame.settings' doesn't exist
[2025-08-01 12:25:24] [ERROR] Uncaught Exception: Call to undefined method Router::detectAndSetLanguage() in C:\wamp64\www\me\CT\ct_frame\brain\Core\Router.php on line 207
[2025-08-01 12:25:24] [ERROR] Stack trace: 
#0 C:\wamp64\www\me\CT\ct_frame\public\index.php(65): Router->run()
#1 {main}
[2025-08-01 13:28:06] [ERROR] Failed to load settings: SQLSTATE[42S02]: Base table or view not found: 1146 Table 'ct_frame.settings' doesn't exist
[2025-08-01 13:28:06] [ERROR] Failed to load settings: SQLSTATE[42S02]: Base table or view not found: 1146 Table 'ct_frame.settings' doesn't exist
[2025-08-01 14:03:10] [ERROR] Failed to load settings: SQLSTATE[42S02]: Base table or view not found: 1146 Table 'ct_frame.settings' doesn't exist
[2025-08-01 14:03:15] [ERROR] Failed to load settings: SQLSTATE[42S02]: Base table or view not found: 1146 Table 'ct_frame.settings' doesn't exist
